\BOOKMARK [0][-]{chapter*.1}{Acknowledgments}{}% 1
\BOOKMARK [0][-]{chapter*.2}{Abstract}{}% 2
\BOOKMARK [0][-]{tocmark.0}{Contents}{}% 3
\BOOKMARK [0][-]{chapter.1}{Introduction}{}% 4
\BOOKMARK [1][-]{section.1.1}{Problem Statement}{chapter.1}% 5
\BOOKMARK [1][-]{section.1.2}{Motivations}{chapter.1}% 6
\BOOKMARK [2][-]{subsection.1.2.1}{Benefits of training AI to play games}{section.1.2}% 7
\BOOKMARK [2][-]{subsection.1.2.2}{Existing gap}{section.1.2}% 8
\BOOKMARK [1][-]{section.1.3}{Project Scope}{chapter.1}% 9
\BOOKMARK [1][-]{section.1.4}{Report Outline}{chapter.1}% 10
\BOOKMARK [0][-]{chapter.2}{Background and Related Work}{}% 11
\BOOKMARK [1][-]{section.2.1}{Self-Supervised Learning}{chapter.2}% 12
\BOOKMARK [1][-]{section.2.2}{Markov Decision Processes \(MDPs\)}{chapter.2}% 13
\BOOKMARK [1][-]{section.2.3}{Inverse Reinforcement Learning \(IRL\)}{chapter.2}% 14
\BOOKMARK [1][-]{section.2.4}{Related work}{chapter.2}% 15
\BOOKMARK [1][-]{section.2.5}{Summary}{chapter.2}% 16
\BOOKMARK [0][-]{chapter.3}{Design and Implementation}{}% 17
\BOOKMARK [1][-]{section.3.1}{Smart Design}{chapter.3}% 18
\BOOKMARK [1][-]{section.3.2}{Summary}{chapter.3}% 19
\BOOKMARK [0][-]{chapter.4}{Experimental Methodology}{}% 20
\BOOKMARK [1][-]{section.4.1}{Software platform}{chapter.4}% 21
\BOOKMARK [1][-]{section.4.2}{Hardware platform}{chapter.4}% 22
\BOOKMARK [0][-]{chapter.5}{Results}{}% 23
\BOOKMARK [1][-]{section.5.1}{Direct Cost}{chapter.5}% 24
\BOOKMARK [1][-]{section.5.2}{Summary}{chapter.5}% 25
\BOOKMARK [0][-]{chapter.6}{Conclusion}{}% 26
\BOOKMARK [1][-]{section.6.1}{Future Work}{chapter.6}% 27
\BOOKMARK [0][-]{section*.10}{Bibliography}{}% 28
